2018-03-02 14:31:37,831 0      [      Worker-35] ERROR   org.hibernate.util.XMLHelper  - Error parsing XML: D:\Archives des projets\workspaces\PFE\PFE\WebContent\WEB-INF\applicationContext.xml(2) Document is invalid: no grammar found.
2018-03-02 14:31:37,846 15     [      Worker-35] ERROR   org.hibernate.util.XMLHelper  - Error parsing XML: D:\Archives des projets\workspaces\PFE\PFE\WebContent\WEB-INF\applicationContext.xml(2) Document root element "beans", must match DOCTYPE root "null".
2018-04-05 17:52:33,621 0      [      Worker-11] ERROR   org.hibernate.util.XMLHelper  - Error parsing XML: C:\Users\sofien\Desktop\PFE\workspaces\PFE\PFE\WebContent\WEB-INF\applicationContext.xml(2) Document is invalid: no grammar found.
2018-04-05 17:52:33,680 59     [      Worker-11] ERROR   org.hibernate.util.XMLHelper  - Error parsing XML: C:\Users\sofien\Desktop\PFE\workspaces\PFE\PFE\WebContent\WEB-INF\applicationContext.xml(2) Document root element "beans", must match DOCTYPE root "null".
2018-04-06 11:13:33,063 0      [      Worker-18] ERROR   org.hibernate.util.XMLHelper  - Error parsing XML: C:\Users\sofien\Desktop\PFE\workspaces\PFE\PFE\WebContent\WEB-INF\applicationContext.xml(2) Document is invalid: no grammar found.
2018-04-06 11:13:33,091 28     [      Worker-18] ERROR   org.hibernate.util.XMLHelper  - Error parsing XML: C:\Users\sofien\Desktop\PFE\workspaces\PFE\PFE\WebContent\WEB-INF\applicationContext.xml(2) Document root element "beans", must match DOCTYPE root "null".
2018-04-06 12:23:21,251 4188188 [      Worker-15] ERROR   org.hibernate.util.XMLHelper  - Error parsing XML: C:\Users\sofien\Desktop\PFE\workspaces\PFE\PFE\WebContent\WEB-INF\applicationContext.xml(2) Document is invalid: no grammar found.
2018-04-06 12:23:21,251 4188188 [      Worker-15] ERROR   org.hibernate.util.XMLHelper  - Error parsing XML: C:\Users\sofien\Desktop\PFE\workspaces\PFE\PFE\WebContent\WEB-INF\applicationContext.xml(2) Document root element "beans", must match DOCTYPE root "null".
2018-04-06 12:32:28,872 4735809 [       Worker-4] ERROR   org.hibernate.util.XMLHelper  - Error parsing XML: C:\Users\sofien\Desktop\PFE\workspaces\PFE\PFE\WebContent\WEB-INF\applicationContext.xml(2) Document is invalid: no grammar found.
2018-04-06 12:32:28,872 4735809 [       Worker-4] ERROR   org.hibernate.util.XMLHelper  - Error parsing XML: C:\Users\sofien\Desktop\PFE\workspaces\PFE\PFE\WebContent\WEB-INF\applicationContext.xml(2) Document root element "beans", must match DOCTYPE root "null".
2018-04-10 13:48:14,765 0      [       Worker-7] ERROR   org.hibernate.util.XMLHelper  - Error parsing XML: C:\Users\sofien\Desktop\PFE\workspaces\PFE\PFE\WebContent\WEB-INF\applicationContext.xml(2) Document is invalid: no grammar found.
2018-04-10 13:48:14,780 15     [       Worker-7] ERROR   org.hibernate.util.XMLHelper  - Error parsing XML: C:\Users\sofien\Desktop\PFE\workspaces\PFE\PFE\WebContent\WEB-INF\applicationContext.xml(2) Document root element "beans", must match DOCTYPE root "null".
2018-04-10 14:15:55,928 1661163 [       Worker-9] ERROR   org.hibernate.util.XMLHelper  - Error parsing XML: C:\Users\sofien\Desktop\PFE\workspaces\PFE\PFE\WebContent\WEB-INF\applicationContext.xml(2) Document is invalid: no grammar found.
2018-04-10 14:15:55,928 1661163 [       Worker-9] ERROR   org.hibernate.util.XMLHelper  - Error parsing XML: C:\Users\sofien\Desktop\PFE\workspaces\PFE\PFE\WebContent\WEB-INF\applicationContext.xml(2) Document root element "beans", must match DOCTYPE root "null".
2018-04-23 20:19:25,465 0      [       Worker-0] ERROR   org.hibernate.util.XMLHelper  - Error parsing XML: C:\Users\sofien\Desktop\PF\workspacesResp\PFE\PFE\WebContent\WEB-INF\applicationContext.xml(2) Document is invalid: no grammar found.
2018-04-23 20:19:25,482 17     [       Worker-0] ERROR   org.hibernate.util.XMLHelper  - Error parsing XML: C:\Users\sofien\Desktop\PF\workspacesResp\PFE\PFE\WebContent\WEB-INF\applicationContext.xml(2) Document root element "beans", must match DOCTYPE root "null".
2018-04-24 17:58:16,668 0      [      Worker-20] ERROR   org.hibernate.util.XMLHelper  - Error parsing XML: C:\Users\sofien\Desktop\PF\workspacesResp\PFE\PFE\WebContent\WEB-INF\applicationContext.xml(2) Document is invalid: no grammar found.
2018-04-24 17:58:16,721 53     [      Worker-20] ERROR   org.hibernate.util.XMLHelper  - Error parsing XML: C:\Users\sofien\Desktop\PF\workspacesResp\PFE\PFE\WebContent\WEB-INF\applicationContext.xml(2) Document root element "beans", must match DOCTYPE root "null".
2018-04-25 08:03:56,649 0      [       Worker-5] ERROR   org.hibernate.util.XMLHelper  - Error parsing XML: C:\Users\sofien\Desktop\PF\workspacesResp\PFE\PFE\WebContent\WEB-INF\applicationContext.xml(2) Document is invalid: no grammar found.
2018-04-25 08:03:56,680 31     [       Worker-5] ERROR   org.hibernate.util.XMLHelper  - Error parsing XML: C:\Users\sofien\Desktop\PF\workspacesResp\PFE\PFE\WebContent\WEB-INF\applicationContext.xml(2) Document root element "beans", must match DOCTYPE root "null".
2018-04-26 18:48:07,338 0      [       Worker-6] ERROR   org.hibernate.util.XMLHelper  - Error parsing XML: C:\Users\sofien\Desktop\PF\workspacesResp\PFE\PFE\WebContent\WEB-INF\applicationContext.xml(2) Document is invalid: no grammar found.
2018-04-26 18:48:07,391 53     [       Worker-6] ERROR   org.hibernate.util.XMLHelper  - Error parsing XML: C:\Users\sofien\Desktop\PF\workspacesResp\PFE\PFE\WebContent\WEB-INF\applicationContext.xml(2) Document root element "beans", must match DOCTYPE root "null".
2018-04-26 22:23:46,270 0      [       Worker-8] ERROR   org.hibernate.util.XMLHelper  - Error parsing XML: C:\Users\sofien\Desktop\PF\workspacesResp\PFE\PFE\WebContent\WEB-INF\applicationContext.xml(2) Document is invalid: no grammar found.
2018-04-26 22:23:46,276 6      [       Worker-8] ERROR   org.hibernate.util.XMLHelper  - Error parsing XML: C:\Users\sofien\Desktop\PF\workspacesResp\PFE\PFE\WebContent\WEB-INF\applicationContext.xml(2) Document root element "beans", must match DOCTYPE root "null".
2018-04-26 23:22:06,764 0      [       Worker-5] ERROR   org.hibernate.util.XMLHelper  - Error parsing XML: C:\Users\sofien\Desktop\PF\workspacesResp\PFE\PFE\WebContent\WEB-INF\applicationContext.xml(2) Document is invalid: no grammar found.
2018-04-26 23:22:06,767 3      [       Worker-5] ERROR   org.hibernate.util.XMLHelper  - Error parsing XML: C:\Users\sofien\Desktop\PF\workspacesResp\PFE\PFE\WebContent\WEB-INF\applicationContext.xml(2) Document root element "beans", must match DOCTYPE root "null".
2018-04-27 14:53:51,136 0      [       Worker-5] ERROR   org.hibernate.util.XMLHelper  - Error parsing XML: C:\Users\sofien\Desktop\PF\workspacesResp\PFE\PFE\WebContent\WEB-INF\applicationContext.xml(2) Document is invalid: no grammar found.
2018-04-27 14:53:51,168 32     [       Worker-5] ERROR   org.hibernate.util.XMLHelper  - Error parsing XML: C:\Users\sofien\Desktop\PF\workspacesResp\PFE\PFE\WebContent\WEB-INF\applicationContext.xml(2) Document root element "beans", must match DOCTYPE root "null".
2018-05-05 13:10:44,291 0      [       Worker-8] ERROR   org.hibernate.util.XMLHelper  - Error parsing XML: C:\Users\sofien\Desktop\PF\workspacesResp\PFE\PFE\WebContent\WEB-INF\applicationContext.xml(2) Document is invalid: no grammar found.
2018-05-05 13:10:44,313 22     [       Worker-8] ERROR   org.hibernate.util.XMLHelper  - Error parsing XML: C:\Users\sofien\Desktop\PF\workspacesResp\PFE\PFE\WebContent\WEB-INF\applicationContext.xml(2) Document root element "beans", must match DOCTYPE root "null".
2018-05-26 00:57:06,169 0      [       Worker-8] ERROR   org.hibernate.util.XMLHelper  - Error parsing XML: C:\Users\sofien\Desktop\PF\workspacesResp\PFE\PFE\WebContent\WEB-INF\applicationContext.xml(2) Document is invalid: no grammar found.
2018-05-26 00:57:06,194 25     [       Worker-8] ERROR   org.hibernate.util.XMLHelper  - Error parsing XML: C:\Users\sofien\Desktop\PF\workspacesResp\PFE\PFE\WebContent\WEB-INF\applicationContext.xml(2) Document root element "beans", must match DOCTYPE root "null".
