Thu May 31 18:43:32 WAT 2018  [debug] AvalonLogSystem initialized using logfile 'C:\Users\sofien\Desktop\PF\workspaces\PFE\.metadata\.plugins\com.genuitec.eclipse.templates\velocity.log'
Thu May 31 18:43:32 WAT 2018   [info] ************************************************************** 
Thu May 31 18:43:32 WAT 2018   [info] Starting Jakarta Velocity v1.4
Thu May 31 18:43:32 WAT 2018   [info] RuntimeInstance initializing.
Thu May 31 18:43:32 WAT 2018   [info] Default Properties File: org\apache\velocity\runtime\defaults\velocity.properties
Thu May 31 18:43:32 WAT 2018   [info] Trying to use logger class org.apache.velocity.runtime.log.AvalonLogSystem
Thu May 31 18:43:32 WAT 2018   [info] Using logger class org.apache.velocity.runtime.log.AvalonLogSystem
Thu May 31 18:43:32 WAT 2018   [info] Default ResourceManager initializing. (class org.apache.velocity.runtime.resource.ResourceManagerImpl)
Thu May 31 18:43:32 WAT 2018   [info] Resource Loader Instantiated: com.genuitec.eclipse.templates.internal.PluginResourceLoader
Thu May 31 18:43:32 WAT 2018   [info] ResourceCache : initialized. (class org.apache.velocity.runtime.resource.ResourceCacheImpl)
Thu May 31 18:43:32 WAT 2018   [info] Default ResourceManager initialization complete.
Thu May 31 18:43:32 WAT 2018   [info] Loaded System Directive: org.apache.velocity.runtime.directive.Literal
Thu May 31 18:43:32 WAT 2018   [info] Loaded System Directive: org.apache.velocity.runtime.directive.Macro
Thu May 31 18:43:32 WAT 2018   [info] Loaded System Directive: org.apache.velocity.runtime.directive.Parse
Thu May 31 18:43:32 WAT 2018   [info] Loaded System Directive: org.apache.velocity.runtime.directive.Include
Thu May 31 18:43:32 WAT 2018   [info] Loaded System Directive: org.apache.velocity.runtime.directive.Foreach
Thu May 31 18:43:32 WAT 2018   [info] Created: 20 parsers.
Thu May 31 18:43:32 WAT 2018   [info] Velocimacro : initialization starting.
Thu May 31 18:43:32 WAT 2018   [info] Velocimacro : adding VMs from VM library template : VM_global_library.vm
Thu May 31 18:43:32 WAT 2018   [info] ResourceManager : found VM_global_library.vm with loader com.genuitec.eclipse.templates.internal.PluginResourceLoader
Thu May 31 18:43:32 WAT 2018   [info] Velocimacro :  VM library template macro registration complete.
Thu May 31 18:43:32 WAT 2018   [info] Velocimacro : allowInline = true : VMs can be defined inline in templates
Thu May 31 18:43:32 WAT 2018   [info] Velocimacro : allowInlineToOverride = true : VMs defined inline may replace previous VM definitions
Thu May 31 18:43:32 WAT 2018   [info] Velocimacro : allowInlineLocal = true : VMs defined inline will be local to their defining template only.
Thu May 31 18:43:32 WAT 2018   [info] Velocimacro : messages on  : VM system will output logging messages
Thu May 31 18:43:32 WAT 2018   [info] Velocimacro : autoload off  : VM system will not automatically reload global library macros
Thu May 31 18:43:32 WAT 2018   [info] Velocimacro : initialization complete.
Thu May 31 18:43:32 WAT 2018   [info] Velocity successfully started.
Thu May 31 18:43:32 WAT 2018   [info] ResourceManager : found templates/xhtml/facelets-template.xhtml.vtl with loader com.genuitec.eclipse.templates.internal.PluginResourceLoader
